2024-12-06 13:37:01 [@DESKTOP-IANJSMN]
Interno #1: Ejecutar contract
2024-12-06 13:39:57 [@DESKTOP-IANJSMN]
Interno #1: Ejecutar infocom
2024-12-06 13:40:45 [@DESKTOP-IANJSMN]
Interno #1: Ejecutar mailgate
2024-12-06 13:41:47 [@DESKTOP-IANJSMN]
Interno #1: Ejecutar session
2024-12-06 13:43:39 [@DESKTOP-IANJSMN]
Interno #1: Ejecutar graph
2024-12-06 13:45:02 [@DESKTOP-IANJSMN]
Interno #1: Ejecutar reservation
2024-12-06 08:50:18 [@DESKTOP-IANJSMN]
Internal #1: Launch closeticket
2024-12-06 08:50:42 [@DESKTOP-IANJSMN]
Interno #1: Ejecutar alertnotclosed
2024-12-06 08:56:16 [@DESKTOP-IANJSMN]
Interno #1: Ejecutar slaticket
2024-12-06 08:57:11 [@DESKTOP-IANJSMN]
Interno #1: Ejecutar createinquest
2024-12-06 10:52:04 [@DESKTOP-IANJSMN]
Interno #1: Ejecutar watcher
2024-12-06 12:12:59 [@DESKTOP-IANJSMN]
Interno #1: Ejecutar RecurrentItems
2024-12-06 12:15:32 [@DESKTOP-IANJSMN]
Interno #1: Ejecutar planningrecall
2024-12-06 12:15:32 [@DESKTOP-IANJSMN]
Interno #1: Error durante la ejecución planningrecall. Consulte "C:\laragon\www\glpi/files/_log/php-errors.log" para obtener más detalles.
2024-12-06 12:16:02 [@DESKTOP-IANJSMN]
Interno #1: Ejecutar queuednotification
2024-12-06 12:16:04 [@DESKTOP-IANJSMN]
Error enviando el correo electrónico<br/>SMTP connect() failed. https://github.com/PHPMailer/PHPMailer/wiki/Troubleshooting
2024-12-06 12:16:05 [@DESKTOP-IANJSMN]
Error enviando el correo electrónico<br/>SMTP connect() failed. https://github.com/PHPMailer/PHPMailer/wiki/Troubleshooting
2024-12-06 12:16:06 [@DESKTOP-IANJSMN]
Error enviando el correo electrónico<br/>SMTP connect() failed. https://github.com/PHPMailer/PHPMailer/wiki/Troubleshooting
2024-12-06 12:16:06 [@DESKTOP-IANJSMN]
Error enviando el correo electrónico<br/>SMTP connect() failed. https://github.com/PHPMailer/PHPMailer/wiki/Troubleshooting
2024-12-06 12:16:07 [@DESKTOP-IANJSMN]
Error enviando el correo electrónico<br/>SMTP connect() failed. https://github.com/PHPMailer/PHPMailer/wiki/Troubleshooting
2024-12-06 12:16:08 [@DESKTOP-IANJSMN]
Error enviando el correo electrónico<br/>SMTP connect() failed. https://github.com/PHPMailer/PHPMailer/wiki/Troubleshooting
2024-12-06 12:16:09 [@DESKTOP-IANJSMN]
Error enviando el correo electrónico<br/>SMTP connect() failed. https://github.com/PHPMailer/PHPMailer/wiki/Troubleshooting
2024-12-06 12:16:10 [@DESKTOP-IANJSMN]
Error enviando el correo electrónico<br/>SMTP connect() failed. https://github.com/PHPMailer/PHPMailer/wiki/Troubleshooting
2024-12-06 12:16:11 [@DESKTOP-IANJSMN]
Error enviando el correo electrónico<br/>SMTP connect() failed. https://github.com/PHPMailer/PHPMailer/wiki/Troubleshooting
2024-12-06 12:16:11 [@DESKTOP-IANJSMN]
Error enviando el correo electrónico<br/>SMTP connect() failed. https://github.com/PHPMailer/PHPMailer/wiki/Troubleshooting
2024-12-06 12:16:12 [@DESKTOP-IANJSMN]
Error enviando el correo electrónico<br/>SMTP connect() failed. https://github.com/PHPMailer/PHPMailer/wiki/Troubleshooting
2024-12-06 12:16:13 [@DESKTOP-IANJSMN]
Error enviando el correo electrónico<br/>SMTP connect() failed. https://github.com/PHPMailer/PHPMailer/wiki/Troubleshooting
2024-12-06 12:16:14 [@DESKTOP-IANJSMN]
Error enviando el correo electrónico<br/>SMTP connect() failed. https://github.com/PHPMailer/PHPMailer/wiki/Troubleshooting
2024-12-06 12:16:14 [@DESKTOP-IANJSMN]
Error enviando el correo electrónico<br/>SMTP connect() failed. https://github.com/PHPMailer/PHPMailer/wiki/Troubleshooting
2024-12-06 12:16:15 [@DESKTOP-IANJSMN]
Error enviando el correo electrónico<br/>SMTP connect() failed. https://github.com/PHPMailer/PHPMailer/wiki/Troubleshooting
2024-12-06 12:16:16 [@DESKTOP-IANJSMN]
Error enviando el correo electrónico<br/>SMTP connect() failed. https://github.com/PHPMailer/PHPMailer/wiki/Troubleshooting
2024-12-06 12:16:16 [@DESKTOP-IANJSMN]
Error enviando el correo electrónico<br/>SMTP connect() failed. https://github.com/PHPMailer/PHPMailer/wiki/Troubleshooting
2024-12-06 12:16:17 [@DESKTOP-IANJSMN]
Error enviando el correo electrónico<br/>SMTP connect() failed. https://github.com/PHPMailer/PHPMailer/wiki/Troubleshooting
2024-12-06 12:16:18 [@DESKTOP-IANJSMN]
Error enviando el correo electrónico<br/>SMTP connect() failed. https://github.com/PHPMailer/PHPMailer/wiki/Troubleshooting
2024-12-06 12:16:19 [@DESKTOP-IANJSMN]
Error enviando el correo electrónico<br/>SMTP connect() failed. https://github.com/PHPMailer/PHPMailer/wiki/Troubleshooting
2024-12-06 12:16:20 [@DESKTOP-IANJSMN]
Error enviando el correo electrónico<br/>SMTP connect() failed. https://github.com/PHPMailer/PHPMailer/wiki/Troubleshooting
2024-12-06 12:16:20 [@DESKTOP-IANJSMN]
Error enviando el correo electrónico<br/>SMTP connect() failed. https://github.com/PHPMailer/PHPMailer/wiki/Troubleshooting
2024-12-06 12:16:21 [@DESKTOP-IANJSMN]
Error enviando el correo electrónico<br/>SMTP connect() failed. https://github.com/PHPMailer/PHPMailer/wiki/Troubleshooting
2024-12-06 12:16:22 [@DESKTOP-IANJSMN]
Error enviando el correo electrónico<br/>SMTP connect() failed. https://github.com/PHPMailer/PHPMailer/wiki/Troubleshooting
2024-12-06 12:16:23 [@DESKTOP-IANJSMN]
Error enviando el correo electrónico<br/>SMTP connect() failed. https://github.com/PHPMailer/PHPMailer/wiki/Troubleshooting
2024-12-06 12:16:23 [@DESKTOP-IANJSMN]
Error enviando el correo electrónico<br/>SMTP connect() failed. https://github.com/PHPMailer/PHPMailer/wiki/Troubleshooting
2024-12-06 12:16:24 [@DESKTOP-IANJSMN]
Error enviando el correo electrónico<br/>SMTP connect() failed. https://github.com/PHPMailer/PHPMailer/wiki/Troubleshooting
2024-12-06 12:16:25 [@DESKTOP-IANJSMN]
Error enviando el correo electrónico<br/>SMTP connect() failed. https://github.com/PHPMailer/PHPMailer/wiki/Troubleshooting
2024-12-06 12:23:49 [@DESKTOP-IANJSMN]
Interno #1: Ejecutar queuednotificationclean
2024-12-06 12:26:15 [@DESKTOP-IANJSMN]
Interno #1: Ejecutar temp
2024-12-06 12:26:18 [@DESKTOP-IANJSMN]
Interno #1: Ejecutar mailgateerror
2024-12-06 12:27:02 [@DESKTOP-IANJSMN]
Interno #1: Ejecutar certificate
2024-12-06 12:27:25 [@DESKTOP-IANJSMN]
Interno #1: Ejecutar olaticket
2024-12-06 12:28:26 [@DESKTOP-IANJSMN]
Interno #1: Ejecutar mailgate
2024-12-06 12:28:27 [@DESKTOP-IANJSMN]
Se produjo un error al intentar conectarse al recopilador.<br/>cannot login, user or password wrong
2024-12-06 12:35:18 [2001@DESKTOP-IANJSMN]
Interno #1: Lanzar slaticket
2024-12-06 12:40:56 [2001@DESKTOP-IANJSMN]
Interno #1: Lanzar graph
2024-12-06 12:46:09 [2001@DESKTOP-IANJSMN]
Interno #1: Lanzar reservation
2024-12-06 13:19:31 [2001@DESKTOP-IANJSMN]
Interno #1: Lanzar planningrecall
2024-12-06 13:19:31 [2001@DESKTOP-IANJSMN]
Interno #1: Error during planningrecall execution. Check in "C:\laragon\www\glpi/files/_log/php-errors.log" for more details.
2024-12-06 13:25:12 [2001@DESKTOP-IANJSMN]
Interno #1: Lanzar olaticket
2024-12-06 13:32:39 [2001@DESKTOP-IANJSMN]
Interno #1: Lanzar mailgate
2024-12-06 13:32:40 [2001@DESKTOP-IANJSMN]
Se produjo un error al intentar conectarse al recopilador.<br/>cannot login, user or password wrong
2024-12-06 13:34:40 [@DESKTOP-IANJSMN]
Interno #1: Ejecutar slaticket
2024-12-06 13:38:02 [2001@DESKTOP-IANJSMN]
Interno #1: Lanzar RecurrentItems
2024-12-06 13:40:05 [@DESKTOP-IANJSMN]
Interno #1: Ejecutar planningrecall
2024-12-06 13:40:05 [@DESKTOP-IANJSMN]
Interno #1: Error durante la ejecución planningrecall. Consulte "C:\laragon\www\glpi/files/_log/php-errors.log" para obtener más detalles.
2024-12-06 14:10:53 [@DESKTOP-IANJSMN]
Interno #1: Ejecutar temp
2024-12-06 14:11:12 [@DESKTOP-IANJSMN]
Interno #1: Ejecutar olaticket
2024-12-06 14:11:40 [@DESKTOP-IANJSMN]
Interno #1: Ejecutar slaticket
2024-12-06 14:12:15 [@DESKTOP-IANJSMN]
Interno #1: Ejecutar graph
2024-12-06 14:12:21 [@DESKTOP-IANJSMN]
Interno #1: Ejecutar mailgate
2024-12-06 14:12:22 [@DESKTOP-IANJSMN]
Se produjo un error al intentar conectarse al recopilador.<br/>cannot login, user or password wrong
2024-12-06 14:12:28 [@DESKTOP-IANJSMN]
Interno #1: Ejecutar planningrecall
2024-12-06 14:12:28 [@DESKTOP-IANJSMN]
Interno #1: Error durante la ejecución planningrecall. Consulte "C:\laragon\www\glpi/files/_log/php-errors.log" para obtener más detalles.
2024-12-06 14:12:33 [@DESKTOP-IANJSMN]
Interno #1: Ejecutar reservation
2024-12-06 14:12:41 [@DESKTOP-IANJSMN]
Interno #1: No hay nada para ejecutar
2024-12-06 14:19:57 [2001@DESKTOP-IANJSMN]
Interno #1: Lanzar slaticket
2024-12-06 14:26:19 [2001@DESKTOP-IANJSMN]
Interno #1: Lanzar olaticket
2024-12-06 14:53:46 [2001@DESKTOP-IANJSMN]
Interno #1: Lanzar planningrecall
2024-12-06 14:53:46 [2001@DESKTOP-IANJSMN]
Interno #1: Error during planningrecall execution. Check in "C:\laragon\www\glpi/files/_log/php-errors.log" for more details.
2024-12-06 15:20:49 [2001@DESKTOP-IANJSMN]
Interno #1: Lanzar mailgate
2024-12-06 15:20:49 [2001@DESKTOP-IANJSMN]
Se produjo un error al intentar conectarse al recopilador.<br/>cannot login, user or password wrong
2024-12-06 15:28:34 [2001@DESKTOP-IANJSMN]
Interno #1: Lanzar slaticket
2024-12-06 15:34:55 [2001@DESKTOP-IANJSMN]
Interno #1: Lanzar olaticket
2024-12-06 15:47:26 [2001@DESKTOP-IANJSMN]
Interno #1: Lanzar RecurrentItems
2024-12-06 16:00:30 [@DESKTOP-IANJSMN]
Interno #1: Lanzar planningrecall
2024-12-06 16:00:30 [@DESKTOP-IANJSMN]
Interno #1: Error during planningrecall execution. Check in "C:\laragon\www\glpi/files/_log/php-errors.log" for more details.
2024-12-06 16:01:22 [@DESKTOP-IANJSMN]
Interno #1: Lanzar temp
2024-12-06 16:07:40 [@DESKTOP-IANJSMN]
Interno #1: Ejecutar graph
2024-12-06 16:12:42 [@DESKTOP-IANJSMN]
Interno #1: Ejecutar reservation
2024-12-06 16:13:14 [@DESKTOP-IANJSMN]
Interno #1: Ejecutar mailgate
2024-12-06 16:13:14 [@DESKTOP-IANJSMN]
Se produjo un error al intentar conectarse al recopilador.<br/>cannot login, user or password wrong
2024-12-06 16:19:32 [2001@DESKTOP-IANJSMN]
Interno #1: Lanzar slaticket
2024-12-06 16:25:37 [2001@DESKTOP-IANJSMN]
Interno #1: Lanzar olaticket
2024-12-06 16:35:28 [2001@DESKTOP-IANJSMN]
Interno #1: Lanzar planningrecall
2024-12-06 16:35:28 [2001@DESKTOP-IANJSMN]
Interno #1: Error during planningrecall execution. Check in "C:\laragon\www\glpi/files/_log/php-errors.log" for more details.
2024-12-06 16:40:34 [2001@DESKTOP-IANJSMN]
Interno #1: Lanzar mailgate
2024-12-06 16:40:35 [2001@DESKTOP-IANJSMN]
Se produjo un error al intentar conectarse al recopilador.<br/>cannot login, user or password wrong
2024-12-06 16:41:15 [2001@DESKTOP-IANJSMN]
Interno #1: Lanzar queuednotification
2024-12-06 16:43:24 [@DESKTOP-IANJSMN]
Interno #1: Ejecutar slaticket
2024-12-07 08:43:35 [@DESKTOP-IANJSMN]
Interno #1: Ejecutar olaticket
2024-12-07 08:52:36 [2001@DESKTOP-IANJSMN]
Interno #1: Lanzar planningrecall
2024-12-07 08:52:36 [2001@DESKTOP-IANJSMN]
Interno #1: Error during planningrecall execution. Check in "C:\laragon\www\glpi/files/_log/php-errors.log" for more details.
2024-12-07 08:57:41 [2001@DESKTOP-IANJSMN]
Interno #1: Lanzar queuednotification
2024-12-07 09:02:54 [2001@DESKTOP-IANJSMN]
Interno #1: Lanzar RecurrentItems
2024-12-07 09:08:11 [2001@DESKTOP-IANJSMN]
Interno #1: Lanzar slaticket
2024-12-07 09:13:58 [2001@DESKTOP-IANJSMN]
Interno #1: Lanzar mailgate
2024-12-07 09:13:59 [2001@DESKTOP-IANJSMN]
Se produjo un error al intentar conectarse al recopilador.<br/>cannot login, user or password wrong
2024-12-07 09:39:04 [2001@DESKTOP-IANJSMN]
Interno #1: Lanzar temp
2024-12-07 10:00:03 [2001@DESKTOP-IANJSMN]
Interno #1: Lanzar graph
2024-12-07 10:08:18 [2001@DESKTOP-IANJSMN]
Interno #1: Lanzar reservation
2024-12-07 10:30:57 [2001@DESKTOP-IANJSMN]
Interno #1: Lanzar closeticket
2024-12-07 10:37:24 [2001@DESKTOP-IANJSMN]
Interno #1: Lanzar alertnotclosed
2024-12-07 10:42:39 [2001@DESKTOP-IANJSMN]
Interno #1: Lanzar contract
2024-12-07 11:01:52 [2001@DESKTOP-IANJSMN]
Interno #1: Lanzar infocom
2024-12-07 11:08:29 [2001@DESKTOP-IANJSMN]
Interno #1: Lanzar session
2024-12-07 11:28:56 [2001@DESKTOP-IANJSMN]
Interno #1: Lanzar olaticket
2024-12-07 11:35:02 [2001@DESKTOP-IANJSMN]
Interno #1: Lanzar createinquest
2024-12-07 11:40:27 [2001@DESKTOP-IANJSMN]
Interno #1: Lanzar planningrecall
2024-12-07 11:40:27 [2001@DESKTOP-IANJSMN]
Interno #1: Error during planningrecall execution. Check in "C:\laragon\www\glpi/files/_log/php-errors.log" for more details.
2024-12-07 11:45:30 [2001@DESKTOP-IANJSMN]
Interno #1: Lanzar queuednotification
2024-12-07 11:50:50 [2001@DESKTOP-IANJSMN]
Interno #1: Lanzar slaticket
2024-12-07 11:55:52 [2001@DESKTOP-IANJSMN]
Interno #1: Lanzar mailgate
2024-12-07 12:06:09 [2001@DESKTOP-IANJSMN]
Interno #1: Lanzar RecurrentItems
2024-12-09 08:57:10 [@DESKTOP-IANJSMN]
Interno #1: Ejecutar temp
2024-12-09 09:03:44 [2001@DESKTOP-IANJSMN]
Interno #1: Lanzar watcher
2024-12-09 09:06:16 [@DESKTOP-IANJSMN]
Interno #1: Ejecutar graph
2024-12-09 09:13:05 [2001@DESKTOP-IANJSMN]
Interno #1: Lanzar reservation
2024-12-09 09:19:06 [2001@DESKTOP-IANJSMN]
Interno #1: Lanzar olaticket
2024-12-09 09:25:33 [2001@DESKTOP-IANJSMN]
Interno #1: Lanzar planningrecall
2024-12-09 09:25:33 [2001@DESKTOP-IANJSMN]
Interno #1: Error during planningrecall execution. Check in "C:\laragon\www\Softlogy/files/_log/php-errors.log" for more details.
2024-12-09 09:31:05 [2001@DESKTOP-IANJSMN]
Interno #1: Lanzar slaticket
2024-12-09 09:37:33 [2001@DESKTOP-IANJSMN]
Interno #1: Lanzar mailgate
2024-12-09 09:51:56 [2001@DESKTOP-IANJSMN]
Interno #1: Lanzar queuednotificationclean
2024-12-09 10:06:04 [2001@DESKTOP-IANJSMN]
Interno #1: Lanzar mailgateerror
2024-12-09 10:06:52 [2001@DESKTOP-IANJSMN]
Interno #1: Lanzar queuednotification
2024-12-09 11:20:45 [2001@DESKTOP-IANJSMN]
Interno #1: Lanzar certificate
2024-12-09 11:26:04 [2001@DESKTOP-IANJSMN]
Interno #1: Lanzar RecurrentItems
2024-12-09 11:31:05 [2001@DESKTOP-IANJSMN]
Interno #1: Lanzar closeticket
2024-12-09 16:36:07 [2001@DESKTOP-IANJSMN]
Interno #1: Ejecutar alertnotclosed
2024-12-09 16:42:02 [2001@DESKTOP-IANJSMN]
Interno #1: Ejecutar contract
2024-12-09 16:47:09 [2001@DESKTOP-IANJSMN]
Interno #1: Ejecutar infocom
2024-12-09 17:16:33 [2001@DESKTOP-IANJSMN]
Interno #1: Ejecutar session
2024-12-09 17:29:36 [2001@DESKTOP-IANJSMN]
Interno #1: Ejecutar createinquest
2024-12-09 17:38:16 [2001@DESKTOP-IANJSMN]
Interno #1: Ejecutar olaticket
2024-12-09 18:07:12 [2001@DESKTOP-IANJSMN]
Interno #1: Ejecutar planningrecall
2024-12-09 18:07:12 [2001@DESKTOP-IANJSMN]
Interno #1: Error durante la ejecución planningrecall. Consulte "C:\laragon\www\Softlogy/files/_log/php-errors.log" para obtener más detalles.
2024-12-09 18:14:14 [2001@DESKTOP-IANJSMN]
Interno #1: Ejecutar slaticket
2024-12-09 19:15:50 [2001@DESKTOP-IANJSMN]
Interno #1: Ejecutar mailgate
2024-12-09 19:22:38 [2001@DESKTOP-IANJSMN]
Interno #1: Ejecutar temp
2024-12-09 19:29:59 [2001@DESKTOP-IANJSMN]
Interno #1: Ejecutar graph
2024-12-09 19:35:14 [2001@DESKTOP-IANJSMN]
Interno #1: Ejecutar reservation
2024-12-09 19:43:54 [2001@DESKTOP-IANJSMN]
Interno #1: Ejecutar RecurrentItems
2024-12-09 20:08:29 [2001@DESKTOP-IANJSMN]
Interno #1: Ejecutar olaticket
2024-12-09 15:13:35 [2001@DESKTOP-IANJSMN]
Interno #1: Ejecutar planningrecall
2024-12-09 15:13:35 [2001@DESKTOP-IANJSMN]
Interno #1: Error durante la ejecución planningrecall. Consulte "C:\laragon\www\Softlogy/files/_log/php-errors.log" para obtener más detalles.
2024-12-09 15:25:03 [2001@DESKTOP-IANJSMN]
Interno #1: Ejecutar slaticket
2024-12-09 15:30:07 [2001@DESKTOP-IANJSMN]
Interno #1: Ejecutar mailgate
2024-12-09 15:46:08 [2001@DESKTOP-IANJSMN]
Interno #1: Ejecutar olaticket
2024-12-09 15:52:36 [2001@DESKTOP-IANJSMN]
Interno #1: Ejecutar planningrecall
2024-12-09 15:52:36 [2001@DESKTOP-IANJSMN]
Interno #1: Error durante la ejecución planningrecall. Consulte "C:\laragon\www\Softlogy/files/_log/php-errors.log" para obtener más detalles.
2024-12-09 16:04:49 [2001@DESKTOP-IANJSMN]
Interno #1: Ejecutar temp
2024-12-09 16:10:47 [2001@DESKTOP-IANJSMN]
Interno #1: Ejecutar graph
2024-12-09 16:15:57 [2001@DESKTOP-IANJSMN]
Interno #1: Ejecutar slaticket
2024-12-09 16:21:12 [2001@DESKTOP-IANJSMN]
Interno #1: Ejecutar reservation
2024-12-09 16:27:14 [2001@DESKTOP-IANJSMN]
Interno #1: Ejecutar mailgate
2024-12-09 16:29:35 [@DESKTOP-IANJSMN]
Interno #1: Ejecutar RecurrentItems
2024-12-09 16:29:45 [@DESKTOP-IANJSMN]
Interno #1: Ejecutar olaticket
2024-12-09 16:29:55 [@DESKTOP-IANJSMN]
Interno #1: Ejecutar planningrecall
2024-12-09 16:29:55 [@DESKTOP-IANJSMN]
Interno #1: Error durante la ejecución planningrecall. Consulte "C:\laragon\www\Softlogy/files/_log/php-errors.log" para obtener más detalles.
2024-12-09 16:33:35 [@DESKTOP-IANJSMN]
Interno #1: Ejecutar slaticket
2024-12-09 16:33:59 [@DESKTOP-IANJSMN]
Interno #1: No hay nada para ejecutar
2024-12-09 16:34:32 [@DESKTOP-IANJSMN]
Interno #1: Ejecutar planningrecall
2024-12-09 16:34:32 [@DESKTOP-IANJSMN]
Interno #1: Error durante la ejecución planningrecall. Consulte "C:\laragon\www\Softlogy/files/_log/php-errors.log" para obtener más detalles.
2024-12-09 16:40:25 [@DESKTOP-IANJSMN]
Interno #1: Ejecutar olaticket
2024-12-09 16:40:38 [@DESKTOP-IANJSMN]
Interno #1: Ejecutar mailgate
2024-12-09 16:41:56 [@DESKTOP-IANJSMN]
Interno #1: Ejecutar slaticket
2024-12-09 16:46:14 [@DESKTOP-IANJSMN]
Interno #1: Ejecutar planningrecall
2024-12-09 16:46:14 [@DESKTOP-IANJSMN]
Interno #1: Error durante la ejecución planningrecall. Consulte "C:\laragon\www\Softlogy/files/_log/php-errors.log" para obtener más detalles.
2024-12-09 16:51:19 [2001@DESKTOP-IANJSMN]
Interno #1: Ejecutar olaticket
2024-12-09 16:56:42 [2001@DESKTOP-IANJSMN]
Interno #1: Ejecutar slaticket
2024-12-09 17:02:22 [2001@DESKTOP-IANJSMN]
Interno #1: Ejecutar mailgate
2024-12-09 17:04:41 [@DESKTOP-IANJSMN]
Interno #1: Ejecutar planningrecall
2024-12-09 17:04:41 [@DESKTOP-IANJSMN]
Interno #1: Error durante la ejecución planningrecall. Consulte "C:\laragon\www\Softlogy/files/_log/php-errors.log" para obtener más detalles.
2024-12-10 07:31:16 [@DESKTOP-IANJSMN]
Interno #1: Ejecutar olaticket
2024-12-10 07:34:45 [@DESKTOP-IANJSMN]
Interno #1: Ejecutar slaticket
2024-12-10 07:35:01 [@DESKTOP-IANJSMN]
Interno #1: Ejecutar temp
2024-12-10 07:57:01 [@DESKTOP-IANJSMN]
Interno #1: Ejecutar planningrecall
2024-12-10 07:57:02 [@DESKTOP-IANJSMN]
Interno #1: Error durante la ejecución planningrecall. Consulte "C:\laragon\www\Softlogy/files/_log/php-errors.log" para obtener más detalles.
2024-12-10 08:06:25 [2001@DESKTOP-IANJSMN]
Interno #1: Ejecutar graph
2024-12-10 09:07:49 [@DESKTOP-IANJSMN]
Interno #1: Ejecutar mailgate
2024-12-10 09:15:47 [2001@DESKTOP-IANJSMN]
Interno #1: Ejecutar reservation
2024-12-10 09:26:57 [2001@DESKTOP-IANJSMN]
Interno #1: Ejecutar RecurrentItems
2024-12-10 09:34:43 [2001@DESKTOP-IANJSMN]
Interno #1: Ejecutar closeticket
2024-12-10 09:36:28 [@DESKTOP-IANJSMN]
Interno #1: Ejecutar alertnotclosed
2024-12-10 09:38:19 [@DESKTOP-IANJSMN]
Interno #1: Ejecutar olaticket
2024-12-10 09:41:24 [2001@DESKTOP-IANJSMN]
Interno #1: Ejecutar slaticket
2024-12-10 09:42:24 [@DESKTOP-IANJSMN]
Interno #1: Ejecutar planningrecall
2024-12-10 09:42:24 [@DESKTOP-IANJSMN]
Interno #1: Error durante la ejecución planningrecall. Consulte "C:\laragon\www\Softlogy/files/_log/php-errors.log" para obtener más detalles.
2024-12-10 09:48:02 [2001@DESKTOP-IANJSMN]
Interno #1: Ejecutar temp
2024-12-10 09:59:54 [2001@DESKTOP-IANJSMN]
Interno #1: Ejecutar watcher
2024-12-10 12:30:47 [2001@DESKTOP-IANJSMN]
Interno #1: Ejecutar graph
2024-12-10 12:52:57 [2001@DESKTOP-IANJSMN]
Interno #1: Ejecutar mailgate
2024-12-10 13:51:26 [2001@DESKTOP-IANJSMN]
Interno #1: Ejecutar olaticket
2024-12-10 13:57:20 [2001@DESKTOP-IANJSMN]
Interno #1: Ejecutar slaticket
2024-12-10 14:02:23 [2001@DESKTOP-IANJSMN]
Interno #1: Ejecutar planningrecall
2024-12-10 14:02:23 [2001@DESKTOP-IANJSMN]
Interno #1: Error durante la ejecución planningrecall. Consulte "C:\laragon\www\Softlogy/files/_log/php-errors.log" para obtener más detalles.
2024-12-10 14:07:58 [2001@DESKTOP-IANJSMN]
Interno #1: Ejecutar queuednotificationclean
2024-12-10 14:13:22 [2001@DESKTOP-IANJSMN]
Interno #1: Ejecutar mailgateerror
2024-12-10 14:18:44 [2001@DESKTOP-IANJSMN]
Interno #1: Ejecutar reservation
2024-12-10 14:24:08 [2001@DESKTOP-IANJSMN]
Interno #1: Ejecutar RecurrentItems
2024-12-10 14:29:15 [2001@DESKTOP-IANJSMN]
Interno #1: Ejecutar temp
2024-12-10 15:35:26 [2001@DESKTOP-IANJSMN]
Interno #1: Ejecutar certificate
2024-12-10 15:59:12 [2001@DESKTOP-IANJSMN]
Interno #1: Ejecutar contract
2024-12-10 16:04:14 [2001@DESKTOP-IANJSMN]
Interno #1: Ejecutar infocom
2024-12-10 16:09:17 [2001@DESKTOP-IANJSMN]
Interno #1: Ejecutar session
2024-12-10 16:14:22 [2001@DESKTOP-IANJSMN]
Interno #1: Ejecutar createinquest
2024-12-10 16:20:48 [2001@DESKTOP-IANJSMN]
Interno #1: Ejecutar mailgate
2024-12-10 16:26:53 [2001@DESKTOP-IANJSMN]
Interno #1: Ejecutar graph
2024-12-10 16:31:56 [2001@DESKTOP-IANJSMN]
Interno #1: Ejecutar olaticket
2024-12-10 16:33:14 [@DESKTOP-IANJSMN]
Interno #1: Ejecutar slaticket
2024-12-11 07:18:10 [@DESKTOP-IANJSMN]
Interno #1: Ejecutar planningrecall
2024-12-11 07:18:11 [@DESKTOP-IANJSMN]
Interno #1: Error durante la ejecución planningrecall. Consulte "C:\laragon\www\Softlogy/files/_log/php-errors.log" para obtener más detalles.
2024-12-11 07:41:22 [2001@DESKTOP-IANJSMN]
Interno #1: Ejecutar reservation
2024-12-11 07:52:27 [@DESKTOP-IANJSMN]
Interno #1: Ejecutar RecurrentItems
2024-12-11 07:53:39 [@DESKTOP-IANJSMN]
Interno #1: Lanzar temp
2024-12-11 07:54:09 [@DESKTOP-IANJSMN]
Interno #1: Lanzar mailgate
2024-12-11 07:54:22 [2001@DESKTOP-IANJSMN]
Interno #1: Ejecutar olaticket
2024-12-11 07:54:25 [@DESKTOP-IANJSMN]
Interno #1: Lanzar slaticket
2024-12-11 07:54:32 [@DESKTOP-IANJSMN]
Interno #1: Lanzar graph
2024-12-11 07:55:06 [@DESKTOP-IANJSMN]
Interno #1: Lanzar closeticket
2024-12-11 08:02:12 [2040@DESKTOP-IANJSMN]
Interno #1: Ejecutar alertnotclosed
2024-12-11 08:02:45 [2001@DESKTOP-IANJSMN]
Interno #1: Ejecutar planningrecall
2024-12-11 08:02:45 [2001@DESKTOP-IANJSMN]
Interno #1: Error durante la ejecución planningrecall. Consulte "C:\laragon\www\Softlogy/files/_log/php-errors.log" para obtener más detalles.
2024-12-11 08:07:30 [2040@DESKTOP-IANJSMN]
Interno #1: Ejecutar slaticket
2024-12-11 08:17:16 [2001@DESKTOP-IANJSMN]
Interno #1: Ejecutar olaticket
2024-12-11 08:17:29 [2040@DESKTOP-IANJSMN]
Interno #1: Ejecutar mailgate
2024-12-11 08:23:04 [2040@DESKTOP-IANJSMN]
Interno #1: Ejecutar planningrecall
2024-12-11 08:23:04 [2040@DESKTOP-IANJSMN]
Interno #1: Error durante la ejecución planningrecall. Consulte "C:\laragon\www\Softlogy/files/_log/php-errors.log" para obtener más detalles.
2024-12-11 08:24:35 [2001@DESKTOP-IANJSMN]
Interno #1: Ejecutar slaticket
2024-12-11 08:25:49 [@DESKTOP-IANJSMN]
Interno #1: Lanzar olaticket
2024-12-11 12:15:40 [2001@DESKTOP-IANJSMN]
Interno #1: Ejecutar mailgate
2024-12-11 12:21:04 [2001@DESKTOP-IANJSMN]
Interno #1: Ejecutar planningrecall
2024-12-11 12:21:04 [2001@DESKTOP-IANJSMN]
Interno #1: Error durante la ejecución planningrecall. Consulte "C:\laragon\www\Softlogy/files/_log/php-errors.log" para obtener más detalles.
2024-12-11 12:22:12 [@DESKTOP-IANJSMN]
Interno #1: Ejecutar slaticket
2024-12-11 12:22:33 [@DESKTOP-IANJSMN]
Interno #1: Ejecutar olaticket
2024-12-11 12:26:38 [2001@DESKTOP-IANJSMN]
Interno #1: Ejecutar reservation
2024-12-11 12:28:12 [2043@DESKTOP-IANJSMN]
Interno #1: Ejecutar RecurrentItems
2024-12-11 12:33:42 [@DESKTOP-IANJSMN]
Interno #1: Ejecutar temp
2024-12-11 12:36:02 [2001@DESKTOP-IANJSMN]
Interno #1: Ejecutar graph
2024-12-11 12:36:08 [@DESKTOP-IANJSMN]
Interno #1: Ejecutar watcher
2024-12-11 14:08:09 [@DESKTOP-IANJSMN]
Interno #1: Ejecutar mailgate
2024-12-11 14:13:30 [2001@DESKTOP-IANJSMN]
Interno #1: Ejecutar planningrecall
2024-12-11 14:13:30 [2001@DESKTOP-IANJSMN]
Interno #1: Error durante la ejecución planningrecall. Consulte "C:\laragon\www\Softlogy/files/_log/php-errors.log" para obtener más detalles.
2024-12-11 14:18:37 [2001@DESKTOP-IANJSMN]
Interno #1: Ejecutar slaticket
2024-12-11 14:27:40 [2001@DESKTOP-IANJSMN]
Interno #1: Ejecutar olaticket
2024-12-11 14:34:44 [@DESKTOP-IANJSMN]
Interno #1: Ejecutar reservation
2024-12-11 14:35:25 [@DESKTOP-IANJSMN]
Interno #1: Ejecutar RecurrentItems
2024-12-11 14:35:37 [@DESKTOP-IANJSMN]
Interno #1: Ejecutar temp
2024-12-11 14:35:48 [2001@DESKTOP-IANJSMN]
Interno #1: Ejecutar graph
2024-12-11 14:43:54 [2001@DESKTOP-IANJSMN]
Interno #1: Ejecutar queuednotificationclean
2024-12-11 14:48:53 [2001@DESKTOP-IANJSMN]
Interno #1: Ejecutar mailgateerror
2024-12-11 15:08:08 [2001@DESKTOP-IANJSMN]
Interno #1: Ejecutar mailgate
2024-12-11 16:17:48 [2001@DESKTOP-IANJSMN]
Interno #1: Ejecutar planningrecall
2024-12-11 16:17:48 [2001@DESKTOP-IANJSMN]
Interno #1: Error durante la ejecución planningrecall. Consulte "C:\laragon\www\Softlogy/files/_log/php-errors.log" para obtener más detalles.
2024-12-11 16:27:44 [2001@DESKTOP-IANJSMN]
Interno #1: Ejecutar slaticket
2024-12-11 19:03:32 [2001@DESKTOP-IANJSMN]
Interno #1: Ejecutar olaticket
2024-12-11 19:08:37 [2001@DESKTOP-IANJSMN]
Interno #1: Ejecutar mailgate
2024-12-11 19:13:57 [2001@DESKTOP-IANJSMN]
Interno #1: Ejecutar reservation
2024-12-11 19:19:08 [2001@DESKTOP-IANJSMN]
Interno #1: Ejecutar graph
2024-12-11 19:33:24 [2001@DESKTOP-IANJSMN]
Interno #1: Ejecutar RecurrentItems
2024-12-11 19:56:04 [2001@DESKTOP-IANJSMN]
Interno #1: Ejecutar temp
2024-12-11 22:35:36 [2001@DESKTOP-IANJSMN]
Interno #1: Ejecutar certificate
2024-12-11 22:40:44 [2001@DESKTOP-IANJSMN]
Interno #1: Ejecutar contract
2024-12-12 07:28:04 [2001@DESKTOP-IANJSMN]
Interno #1: Ejecutar infocom
2024-12-12 07:37:59 [2001@DESKTOP-IANJSMN]
Interno #1: Ejecutar session
2024-12-12 07:47:38 [2001@DESKTOP-IANJSMN]
Interno #1: Ejecutar createinquest
2024-12-12 07:53:06 [2001@DESKTOP-IANJSMN]
Interno #1: Ejecutar planningrecall
2024-12-12 07:53:06 [2001@DESKTOP-IANJSMN]
Interno #1: Error durante la ejecución planningrecall. Consulte "C:\laragon\www\Softlogy/files/_log/php-errors.log" para obtener más detalles.
2024-12-12 07:58:55 [2001@DESKTOP-IANJSMN]
Interno #1: Ejecutar slaticket
2024-12-12 08:04:12 [2001@DESKTOP-IANJSMN]
Interno #1: Ejecutar olaticket
2024-12-12 08:10:59 [2001@DESKTOP-IANJSMN]
Interno #1: Ejecutar mailgate
2024-12-12 08:13:26 [@DESKTOP-IANJSMN]
Interno #1: Lanzar closeticket
2024-12-12 08:16:49 [2001@DESKTOP-IANJSMN]
Interno #1: Ejecutar alertnotclosed
2024-12-12 08:22:19 [2001@DESKTOP-IANJSMN]
Interno #1: Ejecutar reservation
2024-12-12 08:22:42 [2040@DESKTOP-IANJSMN]
Interno #1: Ejecutar graph
2024-12-12 08:27:54 [2001@DESKTOP-IANJSMN]
Interno #1: Ejecutar RecurrentItems
2024-12-12 08:33:17 [2001@DESKTOP-IANJSMN]
Interno #1: Ejecutar temp
2024-12-12 08:35:33 [2040@DESKTOP-IANJSMN]
Interno #1: Ejecutar planningrecall
2024-12-12 08:35:33 [2040@DESKTOP-IANJSMN]
Interno #1: Error durante la ejecución planningrecall. Consulte "C:\laragon\www\Softlogy/files/_log/php-errors.log" para obtener más detalles.
2024-12-12 08:58:15 [2001@DESKTOP-IANJSMN]
Interno #1: Ejecutar slaticket
2024-12-12 08:59:29 [@DESKTOP-IANJSMN]
Interno #1: Ejecutar olaticket
2024-12-12 08:59:49 [@DESKTOP-IANJSMN]
Interno #1: Ejecutar mailgate
2024-12-12 09:00:04 [@DESKTOP-IANJSMN]
Interno #1: Ejecutar planningrecall
2024-12-12 09:00:04 [@DESKTOP-IANJSMN]
Interno #1: Error durante la ejecución planningrecall. Consulte "C:\laragon\www\Softlogy/files/_log/php-errors.log" para obtener más detalles.
2024-12-12 09:00:14 [@DESKTOP-IANJSMN]
Interno #1: No hay nada para ejecutar
2024-12-12 09:01:03 [@DESKTOP-IANJSMN]
Interno #1: No hay nada para ejecutar
2024-12-12 09:01:15 [@DESKTOP-IANJSMN]
Interno #1: No hay nada para ejecutar
2024-12-12 09:09:31 [2001@DESKTOP-IANJSMN]
Interno #1: Ejecutar slaticket
2024-12-12 09:24:10 [2001@DESKTOP-IANJSMN]
Interno #1: Ejecutar olaticket
2024-12-12 09:34:33 [2001@DESKTOP-IANJSMN]
Interno #1: Ejecutar planningrecall
2024-12-12 09:34:33 [2001@DESKTOP-IANJSMN]
Interno #1: Error durante la ejecución planningrecall. Consulte "C:\laragon\www\Softlogy/files/_log/php-errors.log" para obtener más detalles.
2024-12-12 09:40:12 [2001@DESKTOP-IANJSMN]
Interno #1: Lanzar mailgate
2024-12-12 09:45:22 [2001@DESKTOP-IANJSMN]
Interno #1: Lanzar slaticket
2024-12-12 09:51:07 [2001@DESKTOP-IANJSMN]
Interno #1: Lanzar graph
2024-12-12 09:57:22 [2001@DESKTOP-IANJSMN]
Interno #1: Lanzar reservation
2024-12-12 10:02:47 [2001@DESKTOP-IANJSMN]
Interno #1: Lanzar RecurrentItems
2024-12-12 10:02:56 [@DESKTOP-IANJSMN]
Interno #1: Ejecutar olaticket
2024-12-12 10:09:44 [2001@DESKTOP-IANJSMN]
Interno #1: Lanzar temp
2024-12-12 10:14:55 [2001@DESKTOP-IANJSMN]
Interno #1: Lanzar planningrecall
2024-12-12 10:14:55 [2001@DESKTOP-IANJSMN]
Interno #1: Error during planningrecall execution. Check in "C:\laragon\www\Softlogy/files/_log/php-errors.log" for more details.
2024-12-12 10:19:55 [2001@DESKTOP-IANJSMN]
Interno #1: Lanzar mailgate
2024-12-12 10:24:58 [2001@DESKTOP-IANJSMN]
Interno #1: Lanzar slaticket
2024-12-12 10:30:28 [2001@DESKTOP-IANJSMN]
Interno #1: Lanzar olaticket
2024-12-12 10:37:29 [2001@DESKTOP-IANJSMN]
Interno #1: Lanzar planningrecall
2024-12-12 10:37:29 [2001@DESKTOP-IANJSMN]
Interno #1: Error during planningrecall execution. Check in "C:\laragon\www\Softlogy/files/_log/php-errors.log" for more details.
2024-12-12 10:44:18 [2001@DESKTOP-IANJSMN]
Interno #1: Lanzar mailgate
2024-12-12 10:49:47 [2001@DESKTOP-IANJSMN]
Interno #1: Lanzar slaticket
2024-12-12 11:04:46 [2001@DESKTOP-IANJSMN]
Interno #1: Lanzar olaticket
2024-12-12 11:09:48 [2001@DESKTOP-IANJSMN]
Interno #1: Lanzar planningrecall
2024-12-12 11:09:48 [2001@DESKTOP-IANJSMN]
Interno #1: Error during planningrecall execution. Check in "C:\laragon\www\Softlogy/files/_log/php-errors.log" for more details.
2024-12-12 11:15:03 [2001@DESKTOP-IANJSMN]
Interno #1: Lanzar graph
2024-12-12 11:24:48 [2001@DESKTOP-IANJSMN]
Interno #1: Lanzar mailgate
2024-12-12 11:30:01 [2001@DESKTOP-IANJSMN]
Interno #1: Lanzar slaticket
2024-12-12 11:35:14 [2001@DESKTOP-IANJSMN]
Interno #1: Lanzar reservation
2024-12-12 11:40:17 [2001@DESKTOP-IANJSMN]
Interno #1: Lanzar RecurrentItems
2024-12-12 11:45:22 [2001@DESKTOP-IANJSMN]
Interno #1: Lanzar temp
2024-12-12 11:50:38 [2001@DESKTOP-IANJSMN]
Interno #1: Lanzar olaticket
2024-12-12 12:15:41 [2001@DESKTOP-IANJSMN]
Interno #1: Lanzar planningrecall
2024-12-12 12:15:41 [2001@DESKTOP-IANJSMN]
Interno #1: Error during planningrecall execution. Check in "C:\laragon\www\Softlogy/files/_log/php-errors.log" for more details.
2024-12-12 14:33:27 [@DESKTOP-IANJSMN]
Interno #1: Ejecutar mailgate
2024-12-13 07:29:16 [@DESKTOP-IANJSMN]
Interno #1: Ejecutar slaticket
2024-12-13 07:32:25 [@DESKTOP-IANJSMN]
Interno #1: Lanzar olaticket
2024-12-13 07:37:37 [2001@DESKTOP-IANJSMN]
Interno #1: Lanzar graph
2024-12-13 07:43:04 [2001@DESKTOP-IANJSMN]
Interno #1: Lanzar planningrecall
2024-12-13 07:43:04 [2001@DESKTOP-IANJSMN]
Interno #1: Error during planningrecall execution. Check in "C:\laragon\www\Softlogy/files/_log/php-errors.log" for more details.
2024-12-13 07:56:38 [2001@DESKTOP-IANJSMN]
Interno #1: Lanzar reservation
2024-12-13 14:02:08 [2001@DESKTOP-IANJSMN]
Interno #1: Lanzar watcher
2024-12-13 16:01:50 [2001@DESKTOP-IANJSMN]
Interno #1: Lanzar RecurrentItems
2024-12-13 16:09:24 [2001@DESKTOP-IANJSMN]
Interno #1: Lanzar temp
2024-12-13 16:26:06 [2001@DESKTOP-IANJSMN]
Interno #1: Lanzar mailgate
2024-12-13 16:37:23 [2001@DESKTOP-IANJSMN]
Interno #1: Lanzar queuednotificationclean
2024-12-13 16:44:00 [2001@DESKTOP-IANJSMN]
Interno #1: Lanzar mailgateerror
2024-12-16 07:26:36 [2001@DESKTOP-IANJSMN]
Interno #1: Lanzar closeticket
2024-12-16 07:31:54 [2001@DESKTOP-IANJSMN]
Interno #1: Lanzar alertnotclosed
2024-12-16 07:38:08 [2001@DESKTOP-IANJSMN]
Interno #1: Lanzar certificate
2024-12-16 07:56:46 [2001@DESKTOP-IANJSMN]
Interno #1: Lanzar contract
2024-12-16 08:04:30 [2001@DESKTOP-IANJSMN]
Interno #1: Lanzar infocom
2024-12-16 08:27:05 [2001@DESKTOP-IANJSMN]
Interno #1: Lanzar slaticket
2024-12-16 11:56:58 [@DESKTOP-IANJSMN]
Interno #1: Ejecutar session
2024-12-16 12:59:32 [2001@DESKTOP-IANJSMN]
Interno #1: Lanzar olaticket
2024-12-16 13:06:12 [2001@DESKTOP-IANJSMN]
Interno #1: Lanzar createinquest
2024-12-16 13:38:42 [2001@DESKTOP-IANJSMN]
Interno #1: Lanzar planningrecall
2024-12-16 13:38:42 [2001@DESKTOP-IANJSMN]
Interno #1: Error during planningrecall execution. Check in "C:\laragon\www\Softlogy/files/_log/php-errors.log" for more details.
2024-12-16 13:48:09 [2001@DESKTOP-IANJSMN]
Interno #1: Lanzar graph
2024-12-16 13:55:17 [2001@DESKTOP-IANJSMN]
Interno #1: Lanzar reservation
2024-12-16 14:02:32 [2001@DESKTOP-IANJSMN]
Interno #1: Lanzar mailgate
2024-12-16 14:03:08 [2001@DESKTOP-IANJSMN]
Se produjo un error al intentar conectarse al recopilador.<br/>host doesn't allow connection
2024-12-16 14:07:47 [2001@DESKTOP-IANJSMN]
Interno #1: Lanzar RecurrentItems
2024-12-16 14:13:38 [2001@DESKTOP-IANJSMN]
Interno #1: Lanzar temp
2024-12-16 14:18:42 [2001@DESKTOP-IANJSMN]
Interno #1: Lanzar watcher
2024-12-16 14:23:43 [2001@DESKTOP-IANJSMN]
Interno #1: Lanzar queuednotificationclean
2024-12-16 14:28:53 [2001@DESKTOP-IANJSMN]
Interno #1: Lanzar mailgateerror
2024-12-16 14:33:55 [2001@DESKTOP-IANJSMN]
Interno #1: Lanzar slaticket
2024-12-16 14:35:16 [@DESKTOP-IANJSMN]
Interno #1: Ejecutar olaticket
2024-12-16 14:35:18 [@DESKTOP-IANJSMN]
Interno #1: Ejecutar planningrecall
2024-12-16 14:35:18 [@DESKTOP-IANJSMN]
Interno #1: Error durante la ejecución planningrecall. Consulte "C:\laragon\www\Softlogy/files/_log/php-errors.log" para obtener más detalles.
2024-12-16 14:35:28 [@DESKTOP-IANJSMN]
Interno #1: Ejecutar mailgate
2024-12-16 14:36:08 [@DESKTOP-IANJSMN]
Interno #1: No hay nada para ejecutar
2024-12-16 14:36:27 [@DESKTOP-IANJSMN]
Interno #1: No hay nada para ejecutar
2024-12-16 14:43:24 [@DESKTOP-IANJSMN]
Interno #1: Ejecutar slaticket
2024-12-16 14:43:41 [@DESKTOP-IANJSMN]
Interno #1: Ejecutar planningrecall
2024-12-16 14:43:41 [@DESKTOP-IANJSMN]
Interno #1: Error durante la ejecución planningrecall. Consulte "C:\laragon\www\Softlogy/files/_log/php-errors.log" para obtener más detalles.
2024-12-16 14:45:24 [@DESKTOP-IANJSMN]
Interno #1: Ejecutar olaticket
2024-12-16 14:45:41 [@DESKTOP-IANJSMN]
Interno #1: No hay nada para ejecutar
2024-12-16 15:25:34 [@DESKTOP-IANJSMN]
Interno #1: Ejecutar graph
2024-12-16 15:27:24 [@DESKTOP-IANJSMN]
Interno #1: Ejecutar slaticket
2024-12-16 15:30:02 [@DESKTOP-IANJSMN]
Interno #1: Ejecutar planningrecall
2024-12-16 15:30:02 [@DESKTOP-IANJSMN]
Interno #1: Error durante la ejecución planningrecall. Consulte "C:\laragon\www\Softlogy/files/_log/php-errors.log" para obtener más detalles.
2024-12-16 16:40:37 [@DESKTOP-IANJSMN]
Interno #1: Ejecutar olaticket
2024-12-17 08:21:04 [@DESKTOP-IANJSMN]
Interno #1: Ejecutar reservation
2024-12-17 08:27:45 [2001@DESKTOP-IANJSMN]
Interno #1: Lanzar RecurrentItems
2024-12-17 08:33:56 [2001@DESKTOP-IANJSMN]
Interno #1: Lanzar temp
2024-12-17 08:39:19 [2001@DESKTOP-IANJSMN]
Interno #1: Lanzar slaticket
2024-12-17 16:07:04 [@DESKTOP-IANJSMN]
Interno #1: Ejecutar planningrecall
2024-12-17 16:07:04 [@DESKTOP-IANJSMN]
Interno #1: Error durante la ejecución planningrecall. Consulte "C:\laragon\www\Softlogy/files/_log/php-errors.log" para obtener más detalles.
2024-12-17 16:07:28 [2001@DESKTOP-IANJSMN]
Interno #1: Lanzar graph
2024-12-18 07:39:04 [2001@DESKTOP-IANJSMN]
Interno #1: Lanzar olaticket
2024-12-18 09:59:12 [2001@DESKTOP-IANJSMN]
Interno #1: Lanzar closeticket
2024-12-18 10:05:04 [2001@DESKTOP-IANJSMN]
Interno #1: Lanzar alertnotclosed
2024-12-18 11:52:59 [2001@DESKTOP-IANJSMN]
Interno #1: Lanzar certificate
2024-12-18 12:06:55 [2001@DESKTOP-IANJSMN]
Interno #1: Lanzar contract
2024-12-18 12:12:38 [2001@DESKTOP-IANJSMN]
Interno #1: Lanzar infocom
2024-12-18 12:19:33 [2001@DESKTOP-IANJSMN]
Interno #1: Lanzar slaticket
2024-12-18 12:46:54 [2001@DESKTOP-IANJSMN]
Interno #1: Lanzar reservation
2024-12-18 13:01:50 [2001@DESKTOP-IANJSMN]
Interno #1: Lanzar RecurrentItems
2024-12-18 13:40:28 [2001@DESKTOP-IANJSMN]
Interno #1: Lanzar temp
2024-12-18 13:50:05 [2001@DESKTOP-IANJSMN]
Interno #1: Lanzar session
2024-12-19 08:04:27 [2001@DESKTOP-IANJSMN]
Interno #1: Lanzar createinquest
2024-12-19 08:13:20 [2001@DESKTOP-IANJSMN]
Interno #1: Lanzar watcher
2024-12-19 08:22:04 [2001@DESKTOP-IANJSMN]
Interno #1: Lanzar queuednotificationclean
2024-12-19 08:35:42 [2001@DESKTOP-IANJSMN]
Interno #1: Lanzar mailgateerror
2024-12-19 08:41:26 [2001@DESKTOP-IANJSMN]
Interno #1: Lanzar planningrecall
2024-12-19 08:41:27 [2001@DESKTOP-IANJSMN]
Interno #1: Error during planningrecall execution. Check in "C:\laragon\www\Softlogy/files/_log/php-errors.log" for more details.
2024-12-19 11:28:16 [@DESKTOP-IANJSMN]
Interno #1: Ejecutar graph
2024-12-19 11:28:26 [2001@DESKTOP-IANJSMN]
Interno #1: Lanzar olaticket
2024-12-19 13:33:44 [2001@DESKTOP-IANJSMN]
Interno #1: Lanzar slaticket
2024-12-19 13:44:55 [2001@DESKTOP-IANJSMN]
Interno #1: Lanzar reservation
2024-12-19 13:50:08 [2001@DESKTOP-IANJSMN]
Interno #1: Lanzar RecurrentItems
2024-12-19 13:59:26 [2001@DESKTOP-IANJSMN]
Interno #1: Lanzar temp
2024-12-19 14:07:34 [2001@DESKTOP-IANJSMN]
Interno #1: Lanzar closeticket
2024-12-19 14:18:47 [2001@DESKTOP-IANJSMN]
Interno #1: Lanzar alertnotclosed
2024-12-19 14:38:15 [2001@DESKTOP-IANJSMN]
Interno #1: Lanzar planningrecall
2024-12-19 14:38:15 [2001@DESKTOP-IANJSMN]
Interno #1: Error during planningrecall execution. Check in "C:\laragon\www\Softlogy/files/_log/php-errors.log" for more details.
2024-12-19 14:50:04 [2001@DESKTOP-IANJSMN]
Interno #1: Lanzar olaticket
2024-12-19 14:55:48 [2001@DESKTOP-IANJSMN]
Interno #1: Lanzar certificate
2024-12-19 15:24:37 [2001@DESKTOP-IANJSMN]
Interno #1: Lanzar contract
2024-12-19 15:43:26 [2001@DESKTOP-IANJSMN]
Interno #1: Lanzar infocom
2024-12-19 15:56:22 [2001@DESKTOP-IANJSMN]
Interno #1: Lanzar graph
2024-12-19 16:02:13 [2001@DESKTOP-IANJSMN]
Interno #1: Lanzar slaticket
2024-12-19 16:22:05 [2001@DESKTOP-IANJSMN]
Interno #1: Lanzar session
2024-12-19 16:27:48 [2001@DESKTOP-IANJSMN]
Interno #1: Lanzar planningrecall
2024-12-19 16:27:48 [2001@DESKTOP-IANJSMN]
Interno #1: Error during planningrecall execution. Check in "C:\laragon\www\Softlogy/files/_log/php-errors.log" for more details.
2024-12-19 16:33:14 [2001@DESKTOP-IANJSMN]
Interno #1: Lanzar reservation
2024-12-20 07:44:27 [@DESKTOP-IANJSMN]
Interno #1: Ejecutar RecurrentItems
2024-12-20 07:47:16 [@DESKTOP-IANJSMN]
Interno #1: Ejecutar olaticket
2024-12-20 07:47:38 [@DESKTOP-IANJSMN]
Interno #1: Ejecutar temp
2024-12-20 08:02:30 [0@DESKTOP-IANJSMN]
Interno #1: Lanzar slaticket
2024-12-20 08:02:52 [0@DESKTOP-IANJSMN]
Interno #1: Lanzar planningrecall
2024-12-20 08:02:52 [0@DESKTOP-IANJSMN]
Interno #1: Error during planningrecall execution. Check in "C:\laragon\www\Softlogy/files/_log/php-errors.log" for more details.
2024-12-20 08:09:30 [1@DESKTOP-IANJSMN]
Interno #1: Lanzar graph
2024-12-20 08:26:24 [1@DESKTOP-IANJSMN]
Interno #1: Lanzar reservation
2024-12-20 08:42:27 [1@DESKTOP-IANJSMN]
Interno #1: Lanzar closeticket
2024-12-20 09:47:33 [1@DESKTOP-IANJSMN]
Interno #1: Lanzar alertnotclosed
2024-12-20 14:13:16 [1@DESKTOP-IANJSMN]
Interno #1: Lanzar olaticket
2024-12-20 14:19:14 [1@DESKTOP-IANJSMN]
Interno #1: Lanzar createinquest
2024-12-20 14:34:51 [1@DESKTOP-IANJSMN]
Interno #1: Lanzar slaticket
2024-12-20 14:39:57 [1@DESKTOP-IANJSMN]
Interno #1: Lanzar planningrecall
2024-12-20 14:39:57 [1@DESKTOP-IANJSMN]
Interno #1: Error during planningrecall execution. Check in "C:\laragon\www\Softlogy/files/_log/php-errors.log" for more details.
2024-12-20 14:45:12 [1@DESKTOP-IANJSMN]
Interno #1: Lanzar queuednotificationclean
2024-12-20 14:50:23 [1@DESKTOP-IANJSMN]
Interno #1: Lanzar mailgateerror
2024-12-20 14:56:18 [1@DESKTOP-IANJSMN]
Interno #1: Lanzar RecurrentItems
2024-12-20 15:03:21 [1@DESKTOP-IANJSMN]
Interno #1: Lanzar temp
2024-12-20 15:09:05 [1@DESKTOP-IANJSMN]
Interno #1: Lanzar graph
2024-12-20 15:16:46 [1@DESKTOP-IANJSMN]
Interno #1: Lanzar reservation
2024-12-20 15:27:24 [1@DESKTOP-IANJSMN]
Interno #1: Lanzar olaticket
2024-12-20 15:33:39 [1@DESKTOP-IANJSMN]
Interno #1: Lanzar slaticket
2024-12-20 15:42:45 [1@DESKTOP-IANJSMN]
Interno #1: Lanzar planningrecall
2024-12-20 15:42:45 [1@DESKTOP-IANJSMN]
Interno #1: Error during planningrecall execution. Check in "C:\laragon\www\Softlogy/files/_log/php-errors.log" for more details.
2024-12-20 16:53:48 [1@DESKTOP-IANJSMN]
Interno #1: Lanzar certificate
2024-12-21 08:03:05 [1@DESKTOP-IANJSMN]
Interno #1: Lanzar contract
2024-12-21 08:10:56 [1@DESKTOP-IANJSMN]
Interno #1: Lanzar olaticket
2024-12-21 08:54:41 [1@DESKTOP-IANJSMN]
Interno #1: Lanzar slaticket
2024-12-21 09:03:01 [1@DESKTOP-IANJSMN]
Interno #1: Lanzar infocom
2024-12-21 09:08:35 [1@DESKTOP-IANJSMN]
Interno #1: Lanzar planningrecall
2024-12-21 09:08:35 [1@DESKTOP-IANJSMN]
Interno #1: Error during planningrecall execution. Check in "C:\laragon\www\Softlogy/files/_log/php-errors.log" for more details.
2024-12-21 09:19:18 [1@DESKTOP-IANJSMN]
Interno #1: Lanzar RecurrentItems
2024-12-21 11:02:48 [1@DESKTOP-IANJSMN]
Interno #1: Lanzar temp
2024-12-21 11:09:59 [1@DESKTOP-IANJSMN]
Interno #1: Lanzar graph
2024-12-21 11:41:36 [1@DESKTOP-IANJSMN]
Interno #1: Lanzar reservation
2024-12-21 11:55:29 [1@DESKTOP-IANJSMN]
Interno #1: Lanzar session
2024-12-21 11:57:04 [@DESKTOP-IANJSMN]
Interno #1: Ejecutar closeticket
2024-12-21 11:57:50 [@DESKTOP-IANJSMN]
Interno #1: Ejecutar alertnotclosed
2024-12-21 12:25:37 [1@DESKTOP-IANJSMN]
Interno #1: Lanzar olaticket
2024-12-23 06:54:42 [1@DESKTOP-IANJSMN]
Interno #1: Lanzar slaticket
2024-12-23 07:47:11 [1@DESKTOP-IANJSMN]
Interno #1: Lanzar planningrecall
2024-12-23 07:47:11 [1@DESKTOP-IANJSMN]
Interno #1: Error during planningrecall execution. Check in "C:\laragon\www\Softlogy/files/_log/php-errors.log" for more details.
2024-12-23 08:14:32 [1@DESKTOP-IANJSMN]
Interno #1: Lanzar RecurrentItems
2024-12-23 08:23:08 [1@DESKTOP-IANJSMN]
Interno #1: Lanzar temp
2024-12-23 09:32:24 [1@DESKTOP-IANJSMN]
Interno #1: Lanzar graph
2024-12-23 09:40:32 [1@DESKTOP-IANJSMN]
Interno #1: Lanzar olaticket
2024-12-23 09:47:32 [1@DESKTOP-IANJSMN]
Interno #1: Lanzar reservation
2024-12-23 09:52:42 [1@DESKTOP-IANJSMN]
Interno #1: Lanzar createinquest
2024-12-23 10:16:19 [1@DESKTOP-IANJSMN]
Interno #1: Lanzar queuednotificationclean
2024-12-23 10:22:35 [1@DESKTOP-IANJSMN]
Interno #1: Lanzar mailgateerror
2024-12-23 10:27:45 [1@DESKTOP-IANJSMN]
Interno #1: Lanzar certificate
2024-12-23 10:50:59 [1@DESKTOP-IANJSMN]
Interno #1: Lanzar closeticket
2024-12-23 10:56:44 [1@DESKTOP-IANJSMN]
Interno #1: Lanzar alertnotclosed
2024-12-23 11:02:23 [1@DESKTOP-IANJSMN]
Interno #1: Lanzar contract
2024-12-23 12:18:14 [1@DESKTOP-IANJSMN]
Interno #1: Lanzar infocom
2024-12-23 12:48:48 [1@DESKTOP-IANJSMN]
Interno #1: Lanzar session
2024-12-23 13:59:01 [1@DESKTOP-IANJSMN]
Interno #1: Lanzar slaticket
2024-12-23 14:04:11 [1@DESKTOP-IANJSMN]
Interno #1: Lanzar planningrecall
2024-12-23 14:04:11 [1@DESKTOP-IANJSMN]
Interno #1: Error during planningrecall execution. Check in "C:\laragon\www\Softlogy/files/_log/php-errors.log" for more details.
2024-12-23 14:24:30 [1@DESKTOP-IANJSMN]
Interno #1: Lanzar RecurrentItems
2024-12-23 14:48:37 [1@DESKTOP-IANJSMN]
Interno #1: Lanzar temp
2024-12-23 14:57:31 [1@DESKTOP-IANJSMN]
Interno #1: Lanzar olaticket
2024-12-23 15:07:07 [1@DESKTOP-IANJSMN]
Interno #1: Lanzar graph
2024-12-23 15:12:16 [1@DESKTOP-IANJSMN]
Interno #1: Lanzar reservation
2024-12-23 15:19:15 [1@DESKTOP-IANJSMN]
Interno #1: Lanzar slaticket
2024-12-23 15:48:03 [1@DESKTOP-IANJSMN]
Interno #1: Lanzar planningrecall
2024-12-23 15:48:03 [1@DESKTOP-IANJSMN]
Interno #1: Error during planningrecall execution. Check in "C:\laragon\www\Softlogy/files/_log/php-errors.log" for more details.
2024-12-23 16:44:33 [1@DESKTOP-IANJSMN]
Interno #1: Lanzar olaticket
2024-12-23 16:50:39 [1@DESKTOP-IANJSMN]
Interno #1: Lanzar slaticket
2024-12-23 16:56:53 [1@DESKTOP-IANJSMN]
Interno #1: Lanzar RecurrentItems
2024-12-24 06:55:16 [1@DESKTOP-IANJSMN]
Interno #1: Lanzar temp
2024-12-24 07:01:36 [1@DESKTOP-IANJSMN]
Interno #1: Lanzar planningrecall
2024-12-24 07:01:36 [1@DESKTOP-IANJSMN]
Interno #1: Error during planningrecall execution. Check in "C:\laragon\www\Softlogy/files/_log/php-errors.log" for more details.
2024-12-24 07:15:26 [1@DESKTOP-IANJSMN]
Interno #1: Lanzar graph
2024-12-24 07:49:50 [1@DESKTOP-IANJSMN]
Interno #1: Lanzar reservation
2024-12-24 07:56:02 [1@DESKTOP-IANJSMN]
Interno #1: Lanzar olaticket
2024-12-24 08:33:37 [1@DESKTOP-IANJSMN]
Interno #1: Lanzar slaticket
2024-12-24 09:38:37 [1@DESKTOP-IANJSMN]
Interno #1: Lanzar RecurrentItems
2024-12-24 09:44:06 [1@DESKTOP-IANJSMN]
Interno #1: Lanzar closeticket
2024-12-24 09:59:33 [1@DESKTOP-IANJSMN]
Interno #1: Lanzar alertnotclosed
2024-12-24 10:05:41 [1@DESKTOP-IANJSMN]
Interno #1: Lanzar planningrecall
2024-12-24 10:05:41 [1@DESKTOP-IANJSMN]
Interno #1: Error during planningrecall execution. Check in "C:\laragon\www\Softlogy/files/_log/php-errors.log" for more details.
2024-12-24 10:11:51 [1@DESKTOP-IANJSMN]
Interno #1: Lanzar temp
2024-12-24 10:17:23 [1@DESKTOP-IANJSMN]
Interno #1: Lanzar olaticket
2024-12-24 10:23:36 [1@DESKTOP-IANJSMN]
Interno #1: Lanzar graph
2024-12-24 10:33:05 [1@DESKTOP-IANJSMN]
Interno #1: Lanzar slaticket
2024-12-24 10:38:23 [1@DESKTOP-IANJSMN]
Interno #1: Lanzar reservation
2024-12-24 10:43:47 [1@DESKTOP-IANJSMN]
Interno #1: Lanzar createinquest
2024-12-24 10:49:13 [1@DESKTOP-IANJSMN]
Interno #1: Lanzar planningrecall
2024-12-24 10:49:13 [1@DESKTOP-IANJSMN]
Interno #1: Error during planningrecall execution. Check in "C:\laragon\www\Softlogy/files/_log/php-errors.log" for more details.
2024-12-24 10:54:32 [1@DESKTOP-IANJSMN]
Interno #1: Lanzar queuednotificationclean
2024-12-24 10:59:59 [1@DESKTOP-IANJSMN]
Interno #1: Lanzar mailgateerror
2024-12-24 11:11:18 [1@DESKTOP-IANJSMN]
Interno #1: Lanzar olaticket
2024-12-24 11:16:30 [1@DESKTOP-IANJSMN]
Interno #1: Lanzar certificate
2024-12-24 11:21:34 [1@DESKTOP-IANJSMN]
Interno #1: Lanzar slaticket
2024-12-24 11:26:48 [1@DESKTOP-IANJSMN]
Interno #1: Lanzar RecurrentItems
2024-12-24 11:34:23 [1@DESKTOP-IANJSMN]
Interno #1: Lanzar planningrecall
2024-12-24 11:34:23 [1@DESKTOP-IANJSMN]
Interno #1: Error during planningrecall execution. Check in "C:\laragon\www\Softlogy/files/_log/php-errors.log" for more details.
2024-12-24 11:39:33 [1@DESKTOP-IANJSMN]
Interno #1: Lanzar contract
2024-12-24 11:47:45 [1@DESKTOP-IANJSMN]
Interno #1: Lanzar temp
2024-12-24 11:54:12 [1@DESKTOP-IANJSMN]
Interno #1: Lanzar olaticket
2024-12-24 12:05:29 [1@DESKTOP-IANJSMN]
Interno #1: Lanzar graph
2024-12-24 12:10:43 [1@DESKTOP-IANJSMN]
Interno #1: Lanzar slaticket
2024-12-24 12:15:43 [1@DESKTOP-IANJSMN]
Interno #1: Lanzar reservation
2024-12-24 12:23:40 [1@DESKTOP-IANJSMN]
Interno #1: Lanzar planningrecall
2024-12-24 12:23:40 [1@DESKTOP-IANJSMN]
Interno #1: Error during planningrecall execution. Check in "C:\laragon\www\Softlogy/files/_log/php-errors.log" for more details.
2024-12-24 12:28:54 [1@DESKTOP-IANJSMN]
Interno #1: Lanzar olaticket
2024-12-24 12:34:03 [1@DESKTOP-IANJSMN]
Interno #1: Lanzar slaticket
2024-12-24 12:39:16 [1@DESKTOP-IANJSMN]
Interno #1: Lanzar infocom
2024-12-26 07:07:05 [1@DESKTOP-IANJSMN]
Interno #1: Lanzar RecurrentItems
2024-12-26 07:14:14 [1@DESKTOP-IANJSMN]
Interno #1: Lanzar planningrecall
2024-12-26 07:14:14 [1@DESKTOP-IANJSMN]
Interno #1: Error during planningrecall execution. Check in "C:\laragon\www\Softlogy/files/_log/php-errors.log" for more details.
2024-12-26 07:19:33 [1@DESKTOP-IANJSMN]
Interno #1: Lanzar olaticket
2024-12-26 07:25:33 [1@DESKTOP-IANJSMN]
Interno #1: Lanzar slaticket
2024-12-26 07:30:35 [1@DESKTOP-IANJSMN]
Interno #1: Lanzar temp
2024-12-26 07:36:04 [1@DESKTOP-IANJSMN]
Interno #1: Lanzar session
2024-12-26 07:41:27 [1@DESKTOP-IANJSMN]
Interno #1: Lanzar graph
2024-12-26 07:46:29 [1@DESKTOP-IANJSMN]
Interno #1: Lanzar reservation
2024-12-26 07:51:31 [1@DESKTOP-IANJSMN]
Interno #1: Lanzar closeticket
2024-12-26 07:56:37 [1@DESKTOP-IANJSMN]
Interno #1: Lanzar alertnotclosed
2024-12-26 08:01:38 [1@DESKTOP-IANJSMN]
Interno #1: Lanzar createinquest
2024-12-26 08:06:50 [1@DESKTOP-IANJSMN]
Interno #1: Lanzar queuednotificationclean
2024-12-26 08:13:44 [1@DESKTOP-IANJSMN]
Interno #1: Lanzar mailgateerror
2024-12-26 08:18:54 [1@DESKTOP-IANJSMN]
Interno #1: Lanzar certificate
2024-12-26 08:24:05 [1@DESKTOP-IANJSMN]
Interno #1: Lanzar contract
2024-12-26 08:29:56 [1@DESKTOP-IANJSMN]
Interno #1: Lanzar infocom
2024-12-26 08:35:51 [1@DESKTOP-IANJSMN]
Interno #1: Lanzar planningrecall
2024-12-26 08:35:51 [1@DESKTOP-IANJSMN]
Interno #1: Error during planningrecall execution. Check in "C:\laragon\www\Softlogy/files/_log/php-errors.log" for more details.
2024-12-26 08:43:00 [1@DESKTOP-IANJSMN]
Interno #1: Lanzar olaticket
2024-12-26 08:48:24 [1@DESKTOP-IANJSMN]
Interno #1: Lanzar slaticket
2024-12-26 08:54:40 [1@DESKTOP-IANJSMN]
Interno #1: Lanzar RecurrentItems
2024-12-26 09:00:08 [1@DESKTOP-IANJSMN]
Interno #1: Lanzar temp
2024-12-26 09:05:13 [1@DESKTOP-IANJSMN]
Interno #1: Lanzar planningrecall
2024-12-26 09:05:13 [1@DESKTOP-IANJSMN]
Interno #1: Error during planningrecall execution. Check in "C:\laragon\www\Softlogy/files/_log/php-errors.log" for more details.
2024-12-26 09:10:21 [1@DESKTOP-IANJSMN]
Interno #1: Lanzar graph
2024-12-26 09:15:29 [1@DESKTOP-IANJSMN]
Interno #1: Lanzar reservation
2024-12-26 09:20:34 [1@DESKTOP-IANJSMN]
Interno #1: Lanzar olaticket
2024-12-26 09:25:36 [1@DESKTOP-IANJSMN]
Interno #1: Lanzar slaticket
2024-12-26 09:30:40 [1@DESKTOP-IANJSMN]
Interno #1: Lanzar planningrecall
2024-12-26 09:30:40 [1@DESKTOP-IANJSMN]
Interno #1: Error during planningrecall execution. Check in "C:\laragon\www\Softlogy/files/_log/php-errors.log" for more details.
2024-12-26 09:36:16 [1@DESKTOP-IANJSMN]
Interno #1: Lanzar olaticket
2024-12-26 09:42:09 [1@DESKTOP-IANJSMN]
Interno #1: Lanzar slaticket
2024-12-26 09:50:50 [1@DESKTOP-IANJSMN]
Interno #1: Lanzar planningrecall
2024-12-26 09:50:50 [1@DESKTOP-IANJSMN]
Interno #1: Error during planningrecall execution. Check in "C:\laragon\www\Softlogy/files/_log/php-errors.log" for more details.
2024-12-26 09:57:27 [1@DESKTOP-IANJSMN]
Interno #1: Lanzar olaticket
2024-12-26 10:09:18 [1@DESKTOP-IANJSMN]
Interno #1: Lanzar slaticket
2024-12-26 10:14:31 [1@DESKTOP-IANJSMN]
Interno #1: Lanzar RecurrentItems
2024-12-26 10:19:40 [1@DESKTOP-IANJSMN]
Interno #1: Lanzar planningrecall
2024-12-26 10:19:40 [1@DESKTOP-IANJSMN]
Interno #1: Error during planningrecall execution. Check in "C:\laragon\www\Softlogy/files/_log/php-errors.log" for more details.
2024-12-26 10:25:25 [1@DESKTOP-IANJSMN]
Interno #1: Lanzar temp
2024-12-26 10:32:01 [1@DESKTOP-IANJSMN]
Interno #1: Lanzar olaticket
2024-12-26 10:37:45 [1@DESKTOP-IANJSMN]
Interno #1: Lanzar graph
2024-12-26 10:43:03 [1@DESKTOP-IANJSMN]
Interno #1: Lanzar slaticket
2024-12-26 10:49:56 [1@DESKTOP-IANJSMN]
Interno #1: Lanzar reservation
2024-12-26 10:55:11 [1@DESKTOP-IANJSMN]
Interno #1: Lanzar planningrecall
2024-12-26 10:55:11 [1@DESKTOP-IANJSMN]
Interno #1: Error during planningrecall execution. Check in "C:\laragon\www\Softlogy/files/_log/php-errors.log" for more details.
2024-12-26 11:00:43 [1@DESKTOP-IANJSMN]
Interno #1: Lanzar olaticket
2024-12-26 11:05:44 [1@DESKTOP-IANJSMN]
Interno #1: Lanzar slaticket
2024-12-26 11:11:26 [1@DESKTOP-IANJSMN]
Interno #1: Lanzar planningrecall
2024-12-26 11:11:26 [1@DESKTOP-IANJSMN]
Interno #1: Error during planningrecall execution. Check in "C:\laragon\www\Softlogy/files/_log/php-errors.log" for more details.
2024-12-26 11:18:22 [1@DESKTOP-IANJSMN]
Interno #1: Lanzar olaticket
2024-12-26 11:32:13 [1@DESKTOP-IANJSMN]
Interno #1: Lanzar slaticket
2024-12-26 11:56:12 [1@DESKTOP-IANJSMN]
Interno #1: Lanzar RecurrentItems
2024-12-26 12:04:37 [1@DESKTOP-IANJSMN]
Interno #1: Lanzar planningrecall
2024-12-26 12:04:37 [1@DESKTOP-IANJSMN]
Interno #1: Error during planningrecall execution. Check in "C:\laragon\www\Softlogy/files/_log/php-errors.log" for more details.
2024-12-26 12:46:08 [1@DESKTOP-IANJSMN]
Interno #1: Lanzar olaticket
2024-12-26 13:55:54 [1@DESKTOP-IANJSMN]
Interno #1: Lanzar temp
2024-12-26 14:22:54 [1@DESKTOP-IANJSMN]
Interno #1: Lanzar graph
2024-12-26 14:28:13 [1@DESKTOP-IANJSMN]
Interno #1: Lanzar slaticket
2024-12-26 14:33:22 [1@DESKTOP-IANJSMN]
Interno #1: Lanzar reservation
2024-12-26 14:38:50 [1@DESKTOP-IANJSMN]
Interno #1: Lanzar planningrecall
2024-12-26 14:38:50 [1@DESKTOP-IANJSMN]
Interno #1: Error during planningrecall execution. Check in "C:\laragon\www\Softlogy/files/_log/php-errors.log" for more details.
2024-12-26 14:45:11 [1@DESKTOP-IANJSMN]
Interno #1: Lanzar olaticket
2024-12-26 14:50:29 [1@DESKTOP-IANJSMN]
Interno #1: Lanzar RecurrentItems
2024-12-26 14:56:53 [1@DESKTOP-IANJSMN]
Interno #1: Lanzar slaticket
2024-12-26 15:02:00 [@DESKTOP-IANJSMN]
Interno #1: Ejecutar planningrecall
2024-12-26 15:02:00 [@DESKTOP-IANJSMN]
Interno #1: Error durante la ejecución planningrecall. Consulte "C:\laragon\www\Softlogy/files/_log/php-errors.log" para obtener más detalles.
2024-12-26 15:02:54 [@DESKTOP-IANJSMN]
Interno #1: Ejecutar olaticket
2024-12-26 15:03:02 [@DESKTOP-IANJSMN]
Interno #1: Ejecutar temp
2024-12-26 15:03:21 [@DESKTOP-IANJSMN]
Interno #1: Ejecutar slaticket
2024-12-26 15:03:42 [@DESKTOP-IANJSMN]
Interno #1: No hay nada para ejecutar
2024-12-26 15:06:56 [@DESKTOP-IANJSMN]
Interno #1: No hay nada para ejecutar
2024-12-26 15:07:02 [@DESKTOP-IANJSMN]
Interno #1: Ejecutar planningrecall
2024-12-26 15:07:02 [@DESKTOP-IANJSMN]
Interno #1: Error durante la ejecución planningrecall. Consulte "C:\laragon\www\Softlogy/files/_log/php-errors.log" para obtener más detalles.
2024-12-26 15:07:27 [@DESKTOP-IANJSMN]
Interno #1: Ejecutar olaticket
2024-12-26 15:07:50 [@DESKTOP-IANJSMN]
Interno #1: No hay nada para ejecutar
2024-12-26 15:31:26 [@DESKTOP-IANJSMN]
Interno #1: Ejecutar slaticket
2024-12-27 11:53:39 [@DESKTOP-IANJSMN]
Interno #1: Ejecutar planningrecall
2024-12-27 11:53:40 [@DESKTOP-IANJSMN]
Interno #1: Error durante la ejecución planningrecall. Consulte "C:\laragon\www\Softlogy/files/_log/php-errors.log" para obtener más detalles.
2024-12-27 11:54:08 [@DESKTOP-IANJSMN]
Interno #1: Ejecutar olaticket
2024-12-30 09:01:11 [1@DESKTOP-IANJSMN]
Interno #1: Lanzar graph
2024-12-30 09:08:16 [1@DESKTOP-IANJSMN]
Interno #1: Lanzar reservation
2024-12-30 10:39:18 [1@DESKTOP-IANJSMN]
Interno #1: Lanzar slaticket
