2024-12-06 12:16:04 [@DESKTOP-IANJSMN]
Advertencia: no se pudo entregar un correo electrónico a jeremy.pedraza@arintia.com con 5 reintentos restantes. Mensaje: [GLPI #0007899] Cierre de un caso RV: Importante -  Actividades para AMSA, Error: SMTP connect() failed. https://github.com/PHPMailer/PHPMailer/wiki/Troubleshooting
2024-12-06 12:16:05 [@DESKTOP-IANJSMN]
Advertencia: no se pudo entregar un correo electrónico a angie.amaya@arintia.com con 5 reintentos restantes. Mensaje: [GLPI #0007899] Cierre de un caso RV: Importante -  Actividades para AMSA, Error: SMTP connect() failed. https://github.com/PHPMailer/PHPMailer/wiki/Troubleshooting
2024-12-06 12:16:06 [@DESKTOP-IANJSMN]
Advertencia: no se pudo entregar un correo electrónico a gestion.ti@arintia.com con 5 reintentos restantes. Mensaje: [GLPI #0007899] Cierre de un caso RV: Importante -  Actividades para AMSA, Error: SMTP connect() failed. https://github.com/PHPMailer/PHPMailer/wiki/Troubleshooting
2024-12-06 12:16:06 [@DESKTOP-IANJSMN]
Advertencia: no se pudo entregar un correo electrónico a jeremy.pedraza@arintia.com con 5 reintentos restantes. Mensaje: [GLPI #0007922] Cierre de un caso ACCESO CORREO ELECTRONICO, Error: SMTP connect() failed. https://github.com/PHPMailer/PHPMailer/wiki/Troubleshooting
2024-12-06 12:16:07 [@DESKTOP-IANJSMN]
Advertencia: no se pudo entregar un correo electrónico a lady.quintero@arintia.com con 5 reintentos restantes. Mensaje: [GLPI #0007922] Cierre de un caso ACCESO CORREO ELECTRONICO, Error: SMTP connect() failed. https://github.com/PHPMailer/PHPMailer/wiki/Troubleshooting
2024-12-06 12:16:08 [@DESKTOP-IANJSMN]
Advertencia: no se pudo entregar un correo electrónico a gestion.ti@arintia.com con 5 reintentos restantes. Mensaje: [GLPI #0007922] Cierre de un caso ACCESO CORREO ELECTRONICO, Error: SMTP connect() failed. https://github.com/PHPMailer/PHPMailer/wiki/Troubleshooting
2024-12-06 12:16:09 [@DESKTOP-IANJSMN]
Advertencia: no se pudo entregar un correo electrónico a jeremy.pedraza@arintia.com con 5 reintentos restantes. Mensaje: [GLPI #0007988] Cierre de un caso Usuario de Power BI, Error: SMTP connect() failed. https://github.com/PHPMailer/PHPMailer/wiki/Troubleshooting
2024-12-06 12:16:10 [@DESKTOP-IANJSMN]
Advertencia: no se pudo entregar un correo electrónico a jon.gongora@arintia.com con 5 reintentos restantes. Mensaje: [GLPI #0007988] Cierre de un caso Usuario de Power BI, Error: SMTP connect() failed. https://github.com/PHPMailer/PHPMailer/wiki/Troubleshooting
2024-12-06 12:16:11 [@DESKTOP-IANJSMN]
Advertencia: no se pudo entregar un correo electrónico a jeremy.pedraza@arintia.com con 5 reintentos restantes. Mensaje: [GLPI #0008046] Cierre de un caso Error de Conexión Sistema SAP., Error: SMTP connect() failed. https://github.com/PHPMailer/PHPMailer/wiki/Troubleshooting
2024-12-06 12:16:11 [@DESKTOP-IANJSMN]
Advertencia: no se pudo entregar un correo electrónico a impuestos@arintia.com con 5 reintentos restantes. Mensaje: [GLPI #0008046] Cierre de un caso Error de Conexión Sistema SAP., Error: SMTP connect() failed. https://github.com/PHPMailer/PHPMailer/wiki/Troubleshooting
2024-12-06 12:16:12 [@DESKTOP-IANJSMN]
Advertencia: no se pudo entregar un correo electrónico a gestion.ti@arintia.com con 5 reintentos restantes. Mensaje: [GLPI #0008046] Cierre de un caso Error de Conexión Sistema SAP., Error: SMTP connect() failed. https://github.com/PHPMailer/PHPMailer/wiki/Troubleshooting
2024-12-06 12:16:13 [@DESKTOP-IANJSMN]
Advertencia: no se pudo entregar un correo electrónico a jeremy.pedraza@arintia.com con 5 reintentos restantes. Mensaje: [GLPI #0008050] Cierre de un caso Usuario no autorizado, Error: SMTP connect() failed. https://github.com/PHPMailer/PHPMailer/wiki/Troubleshooting
2024-12-06 12:16:14 [@DESKTOP-IANJSMN]
Advertencia: no se pudo entregar un correo electrónico a cristian.garcia@arintia.com con 5 reintentos restantes. Mensaje: [GLPI #0008050] Cierre de un caso Usuario no autorizado, Error: SMTP connect() failed. https://github.com/PHPMailer/PHPMailer/wiki/Troubleshooting
2024-12-06 12:16:14 [@DESKTOP-IANJSMN]
Advertencia: no se pudo entregar un correo electrónico a gestion.ti@arintia.com con 5 reintentos restantes. Mensaje: [GLPI #0008050] Cierre de un caso Usuario no autorizado, Error: SMTP connect() failed. https://github.com/PHPMailer/PHPMailer/wiki/Troubleshooting
2024-12-06 12:16:15 [@DESKTOP-IANJSMN]
Advertencia: no se pudo entregar un correo electrónico a jeremy.pedraza@arintia.com con 5 reintentos restantes. Mensaje: [GLPI #0007978] Cierre de un caso FALLA EN LA CAUSACION DE LA NOTA DE CONTABILIDAD, Error: SMTP connect() failed. https://github.com/PHPMailer/PHPMailer/wiki/Troubleshooting
2024-12-06 12:16:16 [@DESKTOP-IANJSMN]
Advertencia: no se pudo entregar un correo electrónico a nelly.cobos@ecologycolombia.com con 5 reintentos restantes. Mensaje: [GLPI #0007978] Cierre de un caso FALLA EN LA CAUSACION DE LA NOTA DE CONTABILIDAD, Error: SMTP connect() failed. https://github.com/PHPMailer/PHPMailer/wiki/Troubleshooting
2024-12-06 12:16:16 [@DESKTOP-IANJSMN]
Advertencia: no se pudo entregar un correo electrónico a soporteti@arintia.com con 5 reintentos restantes. Mensaje: [GLPI #0007978] Cierre de un caso FALLA EN LA CAUSACION DE LA NOTA DE CONTABILIDAD, Error: SMTP connect() failed. https://github.com/PHPMailer/PHPMailer/wiki/Troubleshooting
2024-12-06 12:16:17 [@DESKTOP-IANJSMN]
Advertencia: no se pudo entregar un correo electrónico a soporteti@ecologycolombia.com con 5 reintentos restantes. Mensaje: [GLPI #0007978] Cierre de un caso FALLA EN LA CAUSACION DE LA NOTA DE CONTABILIDAD, Error: SMTP connect() failed. https://github.com/PHPMailer/PHPMailer/wiki/Troubleshooting
2024-12-06 12:16:18 [@DESKTOP-IANJSMN]
Advertencia: no se pudo entregar un correo electrónico a jeremy.pedraza@arintia.com con 5 reintentos restantes. Mensaje: [GLPI #0008054] Cierre de un caso RV: SINCRONIZACION DE ONE DRIVE, Error: SMTP connect() failed. https://github.com/PHPMailer/PHPMailer/wiki/Troubleshooting
2024-12-06 12:16:19 [@DESKTOP-IANJSMN]
Advertencia: no se pudo entregar un correo electrónico a insumos.dotaciones@ecologycolombia.com con 5 reintentos restantes. Mensaje: [GLPI #0008054] Cierre de un caso RV: SINCRONIZACION DE ONE DRIVE, Error: SMTP connect() failed. https://github.com/PHPMailer/PHPMailer/wiki/Troubleshooting
2024-12-06 12:16:20 [@DESKTOP-IANJSMN]
Advertencia: no se pudo entregar un correo electrónico a gestion.tics@arintia.com con 5 reintentos restantes. Mensaje: [GLPI #0008054] Cierre de un caso RV: SINCRONIZACION DE ONE DRIVE, Error: SMTP connect() failed. https://github.com/PHPMailer/PHPMailer/wiki/Troubleshooting
2024-12-06 12:16:20 [@DESKTOP-IANJSMN]
Advertencia: no se pudo entregar un correo electrónico a jeremy.pedraza@arintia.com con 5 reintentos restantes. Mensaje: [GLPI #0007343] Cierre de un caso BLOQUEO PEDIDOS CLIENTES CON CARTERA VENCIDA - TECHOS, Error: SMTP connect() failed. https://github.com/PHPMailer/PHPMailer/wiki/Troubleshooting
2024-12-06 12:16:21 [@DESKTOP-IANJSMN]
Advertencia: no se pudo entregar un correo electrónico a gestion.ti@arintia.com con 5 reintentos restantes. Mensaje: [GLPI #0007343] Cierre de un caso BLOQUEO PEDIDOS CLIENTES CON CARTERA VENCIDA - TECHOS, Error: SMTP connect() failed. https://github.com/PHPMailer/PHPMailer/wiki/Troubleshooting
2024-12-06 12:16:22 [@DESKTOP-IANJSMN]
Advertencia: no se pudo entregar un correo electrónico a jeremy.pedraza@arintia.com con 5 reintentos restantes. Mensaje: [GLPI #0007950] Cierre de un caso LICENCIA OFFICE 365, Error: SMTP connect() failed. https://github.com/PHPMailer/PHPMailer/wiki/Troubleshooting
2024-12-06 12:16:23 [@DESKTOP-IANJSMN]
Advertencia: no se pudo entregar un correo electrónico a laura.rojas@techossas.com con 5 reintentos restantes. Mensaje: [GLPI #0007950] Cierre de un caso LICENCIA OFFICE 365, Error: SMTP connect() failed. https://github.com/PHPMailer/PHPMailer/wiki/Troubleshooting
2024-12-06 12:16:23 [@DESKTOP-IANJSMN]
Advertencia: no se pudo entregar un correo electrónico a gestion.ti@arintia.com con 5 reintentos restantes. Mensaje: [GLPI #0007950] Cierre de un caso LICENCIA OFFICE 365, Error: SMTP connect() failed. https://github.com/PHPMailer/PHPMailer/wiki/Troubleshooting
2024-12-06 12:16:24 [@DESKTOP-IANJSMN]
Advertencia: no se pudo entregar un correo electrónico a jeremy.pedraza@arintia.com con 5 reintentos restantes. Mensaje: [GLPI #0008026] Cierre de un caso Solicitud Acceso Teams - PESV-TE, Error: SMTP connect() failed. https://github.com/PHPMailer/PHPMailer/wiki/Troubleshooting
2024-12-06 12:16:25 [@DESKTOP-IANJSMN]
Advertencia: no se pudo entregar un correo electrónico a fabian.cardenas@techossas.com con 5 reintentos restantes. Mensaje: [GLPI #0008026] Cierre de un caso Solicitud Acceso Teams - PESV-TE, Error: SMTP connect() failed. https://github.com/PHPMailer/PHPMailer/wiki/Troubleshooting
2024-12-17 08:36:21 [2001@DESKTOP-IANJSMN]
dvertencia: no se pudo entregar un correo electrónico a jeremy.pedraza@softlogyco.comcon 5los reintentos restantes. Mensaje: [SOFTLOGY-TICKET #0000001] Caso resuelto Desarrollo, Error: SMTP connect() failed. https://github.com/PHPMailer/PHPMailer/wiki/Troubleshooting
