2024-12-06 08:49:14 [@DESKTOP-IANJSMN]
0 seconds for "Work in progress..."
2024-12-06 08:49:14 [@DESKTOP-IANJSMN]
0 seconds for "Data migration - glpi_displaypreferences"
2024-12-06 08:49:14 [@DESKTOP-IANJSMN]
0 seconds for "Change of the database layout - glpi_documents_items"
2024-12-06 08:49:14 [@DESKTOP-IANJSMN]
0 seconds for "Change of the database layout - glpi_items_operatingsystems"
2024-12-06 08:49:14 [@DESKTOP-IANJSMN]
0 seconds for "Change of the database layout - glpi_pendingreasons_items"
2024-12-06 08:49:15 [@DESKTOP-IANJSMN]
1 seconds for "Change of the database layout - glpi_refusedequipments"
2024-12-06 08:49:15 [@DESKTOP-IANJSMN]
0 seconds for "Change of the database layout - glpi_states"
2024-12-06 08:49:15 [@DESKTOP-IANJSMN]
0 seconds for "Change of the database layout - glpi_transfers"
2024-12-06 08:49:15 [@DESKTOP-IANJSMN]
0 seconds for "Task Completed."
2024-12-06 16:11:26 [@DESKTOP-IANJSMN]
0 seconds for "Trabajo en proceso..."
2024-12-06 16:11:26 [@DESKTOP-IANJSMN]
0 seconds for "Migracion de datos - glpi_displaypreferences"
2024-12-06 16:11:26 [@DESKTOP-IANJSMN]
0 seconds for "Cambio del diseño de la Base de datos - glpi_documents_items"
2024-12-06 16:11:26 [@DESKTOP-IANJSMN]
0 seconds for "Cambio del diseño de la Base de datos - glpi_items_operatingsystems"
2024-12-06 16:11:26 [@DESKTOP-IANJSMN]
0 seconds for "Cambio del diseño de la Base de datos - glpi_pendingreasons_items"
2024-12-06 16:11:26 [@DESKTOP-IANJSMN]
0 seconds for "Cambio del diseño de la Base de datos - glpi_refusedequipments"
2024-12-06 16:11:27 [@DESKTOP-IANJSMN]
1 segundos for "Cambio del diseño de la Base de datos - glpi_states"
2024-12-06 16:11:27 [@DESKTOP-IANJSMN]
0 seconds for "Cambio del diseño de la Base de datos - glpi_transfers"
2024-12-06 16:11:27 [@DESKTOP-IANJSMN]
0 seconds for "Tarea finalizada."
