2024-12-06 08:49:16 [@DESKTOP-IANJSMN]
1 seconds for "Work in progress..."
2024-12-06 08:49:16 [@DESKTOP-IANJSMN]
0 seconds for "Data migration - glpi_displaypreferences"
2024-12-06 08:49:16 [@DESKTOP-IANJSMN]
0 seconds for "Change of the database layout - glpi_entities"
2024-12-06 08:49:16 [@DESKTOP-IANJSMN]
0 seconds for "Change of the database layout - glpi_items_disks"
2024-12-06 08:49:16 [@DESKTOP-IANJSMN]
0 seconds for "Task Completed."
2024-12-06 16:11:28 [@DESKTOP-IANJSMN]
0 seconds for "Trabajo en proceso..."
2024-12-06 16:11:28 [@DESKTOP-IANJSMN]
0 seconds for "Migracion de datos - glpi_displaypreferences"
2024-12-06 16:11:28 [@DESKTOP-IANJSMN]
0 seconds for "Cambio del diseño de la Base de datos - glpi_entities"
2024-12-06 16:11:28 [@DESKTOP-IANJSMN]
0 seconds for "Cambio del diseño de la Base de datos - glpi_items_disks"
2024-12-06 16:11:28 [@DESKTOP-IANJSMN]
0 seconds for "Cambio del diseño de la Base de datos - glpi_queuednotifications"
2024-12-06 16:11:28 [@DESKTOP-IANJSMN]
0 seconds for "Tarea finalizada."
